2019-07-13 10:58:55,801 - efficiency of proposed norm - INFO - 
--------------------

2019-07-13 10:58:55,801 - efficiency of proposed norm - INFO - Starting with Euclidean
2019-07-13 10:58:56,126 - efficiency of proposed norm - INFO - Euclidean finished
2019-07-13 10:58:56,126 - efficiency of proposed norm - INFO - 
--------------------

2019-07-13 10:58:56,126 - efficiency of proposed norm - INFO - Starting with Proposed
2019-07-13 10:58:56,202 - efficiency of proposed norm - INFO - Proposed finished
2019-07-13 10:58:56,203 - efficiency of proposed norm - INFO - 
--------------------

2019-07-13 10:58:57,769 - efficiency of proposed norm - INFO - 
--------------------

2019-07-13 10:58:57,769 - efficiency of proposed norm - INFO - Starting with Euclidean
2019-07-13 10:58:58,107 - efficiency of proposed norm - INFO - Euclidean finished
2019-07-13 10:58:58,107 - efficiency of proposed norm - INFO - 
--------------------

2019-07-13 10:58:58,107 - efficiency of proposed norm - INFO - Starting with Proposed
2019-07-13 10:58:58,185 - efficiency of proposed norm - INFO - Proposed finished
2019-07-13 10:58:58,185 - efficiency of proposed norm - INFO - 
--------------------

2019-07-13 10:58:59,407 - efficiency of proposed norm - INFO - 
--------------------

2019-07-13 10:58:59,407 - efficiency of proposed norm - INFO - Starting with Euclidean
2019-07-13 10:58:59,734 - efficiency of proposed norm - INFO - Euclidean finished
2019-07-13 10:58:59,735 - efficiency of proposed norm - INFO - 
--------------------

2019-07-13 10:58:59,735 - efficiency of proposed norm - INFO - Starting with Proposed
2019-07-13 10:58:59,811 - efficiency of proposed norm - INFO - Proposed finished
2019-07-13 10:58:59,811 - efficiency of proposed norm - INFO - 
--------------------

2019-07-13 10:59:00,831 - efficiency of proposed norm - INFO - 
--------------------

2019-07-13 10:59:00,831 - efficiency of proposed norm - INFO - Starting with Euclidean
2019-07-13 10:59:01,146 - efficiency of proposed norm - INFO - Euclidean finished
2019-07-13 10:59:01,146 - efficiency of proposed norm - INFO - 
--------------------

2019-07-13 10:59:01,146 - efficiency of proposed norm - INFO - Starting with Proposed
2019-07-13 10:59:01,223 - efficiency of proposed norm - INFO - Proposed finished
2019-07-13 10:59:01,223 - efficiency of proposed norm - INFO - 
--------------------

